2019-09-12T00:29:32.460Z - normal: Load ~/.CocosCreator/settings.json
2019-09-12T00:29:33.665Z - normal: Initializing Asset Database
2019-09-12T00:29:33.673Z - normal: checking language setting...
2019-09-12T00:29:33.674Z - normal: Language: en
2019-09-12T00:29:34.914Z - success: preview server running at http://localhost:7456
2019-09-12T00:29:34.916Z - success: protocol editor-framework registered
2019-09-12T00:29:34.916Z - success: protocol app registered
2019-09-12T00:29:34.917Z - success: protocol theme registered
2019-09-12T00:29:34.917Z - success: protocol packages registered
2019-09-12T00:29:34.917Z - success: protocol uuid registerred
2019-09-12T00:29:34.917Z - success: protocol db registerred
2019-09-12T00:29:34.917Z - success: protocol thumbnail registerred
2019-09-12T00:29:34.917Z - success: protocol unpack registerred
2019-09-12T00:29:34.917Z - success: protocol disable-commonjs registerred
2019-09-12T00:29:36.643Z - normal: connected!
2019-09-12T00:29:36.643Z - normal: Check project C:\Users\dnilo\Documents\Bounce
2019-09-12T00:29:36.643Z - normal: Initializing project C:\Users\dnilo\Documents\Bounce
2019-09-12T00:29:37.839Z - normal: Initializing Cocos2d
2019-09-12T00:29:41.591Z - normal: Initializing engine extends
2019-09-12T00:29:41.591Z - normal: Loading editor/builtin packages from C:\CocosCreator\resources\app.asar\editor\builtin
2019-09-12T00:29:41.591Z - normal: Loading builtin packages from C:\CocosCreator\resources\builtin
2019-09-12T00:29:42.594Z - success: assets loaded
2019-09-12T00:29:42.595Z - success: asset-db-debugger loaded
2019-09-12T00:29:42.874Z - success: builder loaded
2019-09-12T00:29:42.874Z - success: code-editor loaded
2019-09-12T00:29:42.973Z - success: cocos-analytics loaded
2019-09-12T00:29:42.973Z - success: color-picker loaded
2019-09-12T00:29:43.134Z - success: console loaded
2019-09-12T00:29:43.135Z - success: google-play-instant loaded
2019-09-12T00:29:43.395Z - success: fb-instant-games loaded
2019-09-12T00:29:43.395Z - success: jsb-adapter loaded
2019-09-12T00:29:43.473Z - success: google-instant-games loaded
2019-09-12T00:29:43.488Z - success: oppo-runtime loaded
2019-09-12T00:29:43.598Z - success: hierarchy loaded
2019-09-12T00:29:43.598Z - success: package-manager loaded
2019-09-12T00:29:43.916Z - success: inspector loaded
2019-09-12T00:29:43.916Z - success: qqplay-adapter loaded
2019-09-12T00:29:43.947Z - success: keystore loaded
2019-09-12T00:29:43.963Z - success: sdkbox loaded
2019-09-12T00:29:44.080Z - success: node-library loaded
2019-09-12T00:29:44.080Z - success: tester loaded
2019-09-12T00:29:44.095Z - success: package-asset loaded
2019-09-12T00:29:44.095Z - success: ui-grid loaded
2019-09-12T00:29:44.109Z - success: preferences loaded
2019-09-12T00:29:44.110Z - success: ui-kit-preview-extra loaded
2019-09-12T00:29:44.123Z - success: project-exporter loaded
2019-09-12T00:29:44.124Z - success: ui-kit-preview loaded
2019-09-12T00:29:44.146Z - success: project-importer loaded
2019-09-12T00:29:44.146Z - success: ui-kit loaded
2019-09-12T00:29:44.161Z - success: project-settings loaded
2019-09-12T00:29:44.162Z - success: ui-tree loaded
2019-09-12T00:29:44.194Z - success: scene loaded
2019-09-12T00:29:44.194Z - success: vivo-runtime loaded
2019-09-12T00:29:44.201Z - success: simulator-debugger loaded
2019-09-12T00:29:44.201Z - success: weapp-adapter loaded
2019-09-12T00:29:44.203Z - success: sprite-editor loaded
2019-09-12T00:29:44.334Z - normal: Loading packages
2019-09-12T00:29:44.334Z - success: store loaded
2019-09-12T00:29:44.350Z - success: timeline loaded
2019-09-12T00:29:44.350Z - normal: Watching packages
2019-09-12T00:29:45.082Z - normal: Run Application
2019-09-12T00:32:52.703Z - info: shutdown preview server
